<?xml version="1.0" encoding="UTF-8"?>
<!-- Generated by org.testng.reporters.JUnitReportReporter -->
<testsuite skipped="0" hostname="DESKTOP-81ARGGN" name="com.vfislk.test.DemoTest" tests="3" failures="0" timestamp="2021-12-15T11:04:02 IST" time="7.592" errors="0">
  <testcase name="validTest" time="1.126" classname="com.vfislk.test.DemoTest"/>
  <system-out/>
  <testcase name="validTest" time="5.602" classname="com.vfislk.test.DemoTest"/>
  <system-out/>
  <testcase name="validTest" time="0.864" classname="com.vfislk.test.DemoTest"/>
  <system-out/>
</testsuite> <!-- com.vfislk.test.DemoTest -->
