<?xml version="1.0" encoding="UTF-8"?>
<!-- Generated by org.testng.reporters.JUnitReportReporter -->
<testsuite skipped="0" hostname="DESKTOP-81ARGGN" name="com.vfislk.test.LoginTest" tests="1" failures="0" timestamp="2021-12-17T12:00:06 IST" time="12.334" errors="0">
  <testcase name="invalidCredentialTest" time="12.334" classname="com.vfislk.test.LoginTest"/>
  <system-out/>
</testsuite> <!-- com.vfislk.test.LoginTest -->
