<?xml version="1.0" encoding="UTF-8"?>
<!-- Generated by org.testng.reporters.JUnitReportReporter -->
<testsuite skipped="0" hostname="DESKTOP-81ARGGN" name="com.vfislk.test.DemoTest" tests="1" failures="0" timestamp="2021-12-17T13:35:38 IST" time="0.005" errors="0">
  <testcase name="demoTest" time="0.005" classname="com.vfislk.test.DemoTest"/>
  <system-out/>
</testsuite> <!-- com.vfislk.test.DemoTest -->
