<?xml version="1.0" encoding="UTF-8"?>
<!-- Generated by org.testng.reporters.JUnitReportReporter -->
<testsuite skipped="0" hostname="DESKTOP-81ARGGN" name="com.vfislk.test.LoginTest" tests="4" failures="0" timestamp="2021-12-13T14:00:03 IST" time="0.007" errors="0">
  <testcase name="validCredentialTest" time="0.001" classname="com.vfislk.test.LoginTest"/>
  <system-out/>
  <testcase name="validCredentialTest" time="0.000" classname="com.vfislk.test.LoginTest"/>
  <system-out/>
  <testcase name="invalidCredentialTest" time="0.005" classname="com.vfislk.test.LoginTest"/>
  <system-out/>
  <testcase name="validCredentialTest" time="0.001" classname="com.vfislk.test.LoginTest"/>
  <system-out/>
</testsuite> <!-- com.vfislk.test.LoginTest -->
